<?xml version="1.0" encoding="UTF-8"?>
<!-- Generated by org.testng.reporters.JUnitReportReporter -->
<testsuite hostname="WS-TST-004" failures="0" tests="2" name="com.pfa.qa.android.test.FormTestPageTest" time="35.478" errors="0" timestamp="2023-01-17T16:18:38 IST" skipped="0">
  <testcase classname="com.pfa.qa.android.test.FormTestPageTest" name="FillForm_PositiveFlow" time="17.361"/>
  <system-out/>
  <testcase classname="com.pfa.qa.android.test.FormTestPageTest" name="FillForm_ErrorValidation" time="18.117"/>
  <system-out/>
</testsuite> <!-- com.pfa.qa.android.test.FormTestPageTest -->
