<?xml version="1.0" encoding="UTF-8"?>
<!-- Generated by org.testng.reporters.JUnitReportReporter -->
<testsuite hostname="WS-TST-004" failures="0" tests="4" name="com.pfa.qa.android.test.FormPageWithDataProviderTest" time="84.205" errors="0" timestamp="2023-01-17T16:18:38 IST" skipped="0">
  <testcase classname="com.pfa.qa.android.test.FormPageWithDataProviderTest" name="FillFormWithJSONData" time="24.489"/>
  <system-out/>
  <testcase classname="com.pfa.qa.android.test.FormPageWithDataProviderTest" name="FillFormWithData" time="17.535"/>
  <system-out/>
  <testcase classname="com.pfa.qa.android.test.FormPageWithDataProviderTest" name="FillFormWithData" time="24.980"/>
  <system-out/>
  <testcase classname="com.pfa.qa.android.test.FormPageWithDataProviderTest" name="FillFormWithJSONData" time="17.201"/>
  <system-out/>
</testsuite> <!-- com.pfa.qa.android.test.FormPageWithDataProviderTest -->
