<?xml version="1.0" encoding="UTF-8"?>
<!-- Generated by org.testng.reporters.JUnitReportReporter -->
<testsuite hostname="WS-TST-004" failures="0" tests="1" name="com.pfa.qa.android.test.EndToEndTestPageTest" time="42.569" errors="0" timestamp="2023-01-17T16:18:38 IST" skipped="0">
  <testcase classname="com.pfa.qa.android.test.EndToEndTestPageTest" name="FormToBuy" time="42.569"/>
  <system-out/>
</testsuite> <!-- com.pfa.qa.android.test.EndToEndTestPageTest -->
